<?xml version="1.0" encoding="UTF-8"?>
<!-- Generated by org.testng.reporters.JUnitReportReporter -->
<testsuite hostname="DESKTOP-3O166LT" failures="0" tests="2" name="GroupsPractice.TC1" time="0.018" errors="0" timestamp="2022-08-04T01:52:28 GMT-07:00" skipped="0">
  <testcase classname="GroupsPractice.TC1" name="Test2" time="0.016"/>
  <system-out/>
  <testcase classname="GroupsPractice.TC1" name="Test3" time="0.002"/>
  <system-out/>
</testsuite> <!-- GroupsPractice.TC1 -->
