<?xml version="1.0" encoding="UTF-8"?>
<!-- Generated by org.testng.reporters.JUnitReportReporter -->
<testsuite hostname="DESKTOP-3O166LT" failures="0" tests="1" name="POM.LoginTest" time="2.208" errors="0" timestamp="2022-08-07T05:12:20 GMT-07:00" skipped="0">
  <testcase classname="POM.LoginTest" name="FacebookLoginPageTest" time="2.208"/>
  <system-out>
    <![CDATA[verifyFacebookLoginPageLogo
verifyFacebookLoginPageTagline
verifyFacebookLoginPageUsername
verifyFacebookLoginPagePassword
verifyFacebookLoginPagePassword
verifyFacebookLoginBtn
verifyFacebookLoginPageFooterlinks]]>
  </system-out>
</testsuite> <!-- POM.LoginTest -->
