<?xml version="1.0" encoding="UTF-8"?>
<!-- Generated by org.testng.reporters.JUnitReportReporter -->
<testsuite hostname="DESKTOP-3O166LT" failures="0" tests="2" name="GroupsPractice.TC2" time="0.007" errors="0" timestamp="2022-08-04T01:52:28 GMT-07:00" skipped="0">
  <testcase classname="GroupsPractice.TC2" name="Test5" time="0.002"/>
  <system-out/>
  <testcase classname="GroupsPractice.TC2" name="Test6" time="0.005"/>
  <system-out/>
</testsuite> <!-- GroupsPractice.TC2 -->
