<?xml version="1.0" encoding="UTF-8"?>
<!-- Generated by org.testng.reporters.JUnitReportReporter -->
<testsuite hostname="DESKTOP-3O166LT" failures="0" tests="1" name="POM.RegistrationPageTestClass" time="2.642" errors="0" timestamp="2022-08-07T05:12:20 GMT-07:00" skipped="0">
  <testcase classname="POM.RegistrationPageTestClass" name="FacebookRegistrationPageTest" time="2.642"/>
  <system-out/>
</testsuite> <!-- POM.RegistrationPageTestClass -->
