<?xml version="1.0" encoding="UTF-8"?>
<!-- Generated by org.testng.reporters.JUnitReportReporter -->
<testsuite hostname="DESKTOP-3O166LT" failures="0" tests="3" name="Intro" time="0.023" errors="0" timestamp="2022-07-29T09:34:27 GMT-07:00" skipped="0">
  <testcase classname="Intro" name="OPENURL" time="0.002"/>
  <system-out>
    <![CDATA[URl will open the website]]>
  </system-out>
  <testcase classname="Intro" name="LOGOUT" time="0.002"/>
  <system-out>
    <![CDATA[By click on logout button user will logout from application/website]]>
  </system-out>
  <testcase classname="Intro" name="LOGIN" time="0.019"/>
  <system-out>
    <![CDATA[By click on login button login to application will be done]]>
  </system-out>
</testsuite> <!-- Intro -->
