<?xml version="1.0" encoding="UTF-8"?>
<!-- Generated by org.testng.reporters.JUnitReportReporter -->
<testsuite hostname="DESKTOP-3O166LT" failures="0" tests="3" name="Basic_TestNg.BasicTestNg" time="0.025" errors="0" timestamp="2022-07-31T21:43:41 GMT-07:00" skipped="0">
  <testcase classname="Basic_TestNg.BasicTestNg" name="login" time="0.003"/>
  <system-out>
    <![CDATA[Login to the URL]]>
  </system-out>
  <testcase classname="Basic_TestNg.BasicTestNg" name="OpenUrl" time="0.019"/>
  <system-out>
    <![CDATA[Open the URL]]>
  </system-out>
  <testcase classname="Basic_TestNg.BasicTestNg" name="logout" time="0.003"/>
  <system-out>
    <![CDATA[Logout from the URL]]>
  </system-out>
</testsuite> <!-- Basic_TestNg.BasicTestNg -->
