<?xml version="1.0" encoding="UTF-8"?>
<!-- Generated by org.testng.reporters.JUnitReportReporter -->
<testsuite hostname="DESKTOP-3O166LT" failures="0" tests="3" name="BeforeAfterTest.TestCase3" time="0.012" errors="0" timestamp="2022-08-02T10:30:36 GMT-07:00" skipped="0">
  <testcase classname="BeforeAfterTest.TestCase3" name="m2" time="0.002"/>
  <system-out/>
  <testcase classname="BeforeAfterTest.TestCase3" name="m3" time="0.002"/>
  <system-out/>
  <testcase classname="BeforeAfterTest.TestCase3" name="m1" time="0.008"/>
  <system-out/>
</testsuite> <!-- BeforeAfterTest.TestCase3 -->
