<?xml version="1.0" encoding="UTF-8"?>
<!-- Generated by org.testng.reporters.JUnitReportReporter -->
<testsuite hostname="DESKTOP-3O166LT" failures="0" tests="12" name="CBT.CrossBrowserTesting" time="35.900" errors="0" timestamp="2022-08-06T09:05:33 GMT-07:00" skipped="0">
  <testcase classname="CBT.CrossBrowserTesting" name="crossBrowserTesting" time="9.710"/>
  <system-out/>
  <testcase classname="CBT.CrossBrowserTesting" name="crossBrowserTesting" time="17.898"/>
  <system-out/>
  <testcase classname="CBT.CrossBrowserTesting" name="getcurrentURL" time="0.058"/>
  <system-out/>
  <testcase classname="CBT.CrossBrowserTesting" name="getcurrentURL" time="0.014"/>
  <system-out/>
  <testcase classname="CBT.CrossBrowserTesting" name="gettitle" time="0.046"/>
  <system-out/>
  <testcase classname="CBT.CrossBrowserTesting" name="gettitle" time="0.471"/>
  <system-out/>
  <testcase classname="CBT.CrossBrowserTesting" name="VerifyUsenameField" time="0.530"/>
  <system-out/>
  <testcase classname="CBT.CrossBrowserTesting" name="VerifyUsenameField" time="0.317"/>
  <system-out/>
  <testcase classname="CBT.CrossBrowserTesting" name="VerifyPasswordField" time="0.207"/>
  <system-out/>
  <testcase classname="CBT.CrossBrowserTesting" name="VerifyPasswordField" time="0.512"/>
  <system-out/>
  <testcase classname="CBT.CrossBrowserTesting" name="ClickLoginBtn" time="0.207"/>
  <system-out/>
  <testcase classname="CBT.CrossBrowserTesting" name="ClickLoginBtn" time="5.930"/>
  <system-out/>
</testsuite> <!-- CBT.CrossBrowserTesting -->
