<?xml version="1.0" encoding="UTF-8"?>
<!-- Generated by org.testng.reporters.JUnitReportReporter -->
<testsuite hostname="DESKTOP-3O166LT" failures="0" tests="2" name="GroupsPractice.TC3" time="0.006" errors="0" timestamp="2022-08-04T01:52:28 GMT-07:00" skipped="0">
  <testcase classname="GroupsPractice.TC3" name="Test9" time="0.002"/>
  <system-out/>
  <testcase classname="GroupsPractice.TC3" name="Test8" time="0.004"/>
  <system-out/>
</testsuite> <!-- GroupsPractice.TC3 -->
