<?xml version="1.0" encoding="UTF-8"?>
<!-- Generated by org.testng.reporters.JUnitReportReporter -->
<testsuite hostname="DESKTOP-3O166LT" failures="0" tests="3" name="BeforeAfterTest.TestCase1" time="0.016" errors="0" timestamp="2022-08-03T06:18:10 GMT-07:00" skipped="0">
  <testcase classname="BeforeAfterTest.TestCase1" name="m2" time="0.002"/>
  <system-out>
    <![CDATA[This is method m2]]>
  </system-out>
  <testcase classname="BeforeAfterTest.TestCase1" name="m3" time="0.002"/>
  <system-out>
    <![CDATA[This is method m3]]>
  </system-out>
  <testcase classname="BeforeAfterTest.TestCase1" name="m1" time="0.012"/>
  <system-out>
    <![CDATA[This is method m1]]>
  </system-out>
</testsuite> <!-- BeforeAfterTest.TestCase1 -->
