<?xml version="1.0" encoding="UTF-8"?>
<!-- Generated by org.testng.reporters.JUnitReportReporter -->
<testsuite hostname="DESKTOP-3O166LT" failures="0" tests="6" name="CBT.AllBrowsers" time="14.996" errors="0" timestamp="2022-08-06T08:13:05 GMT-07:00" skipped="0">
  <testcase classname="CBT.AllBrowsers" name="crossBrowserTesting" time="10.962"/>
  <system-out/>
  <testcase classname="CBT.AllBrowsers" name="verifyCurrentUrl" time="0.020"/>
  <system-out/>
  <testcase classname="CBT.AllBrowsers" name="verifyPageTititle" time="0.025"/>
  <system-out/>
  <testcase classname="CBT.AllBrowsers" name="verifyUsernamefield" time="2.960"/>
  <system-out/>
  <testcase classname="CBT.AllBrowsers" name="verifypasswordfield" time="0.596"/>
  <system-out/>
  <testcase classname="CBT.AllBrowsers" name="clickLoginButton" time="0.433"/>
  <system-out/>
</testsuite> <!-- CBT.AllBrowsers -->
