<?xml version="1.0" encoding="UTF-8"?>
<!-- Generated by org.testng.reporters.JUnitReportReporter -->
<testsuite hostname="DESKTOP-3O166LT" failures="0" tests="3" name="BasicTestNg" time="0.022" errors="0" timestamp="2022-07-29T00:22:37 GMT-07:00" skipped="0">
  <testcase classname="BasicTestNg" name="logout" time="0.004"/>
  <system-out>
    <![CDATA[Logout from the URL]]>
  </system-out>
  <testcase classname="BasicTestNg" name="login" time="0.002"/>
  <system-out>
    <![CDATA[Login to the URL]]>
  </system-out>
  <testcase classname="BasicTestNg" name="OpenUrl" time="0.016"/>
  <system-out>
    <![CDATA[Open the URL]]>
  </system-out>
</testsuite> <!-- BasicTestNg -->
