<?xml version="1.0" encoding="UTF-8"?>
<!-- Generated by org.testng.reporters.JUnitReportReporter -->
<testsuite hostname="DESKTOP-3O166LT" failures="0" tests="3" name="Basic_TestNg.Annotations" time="0.018" errors="0" timestamp="2022-08-01T05:35:13 GMT-07:00" skipped="0">
  <testcase classname="Basic_TestNg.Annotations" name="Notification" time="0.003"/>
  <system-out>
    <![CDATA[Notification menu]]>
  </system-out>
  <testcase classname="Basic_TestNg.Annotations" name="OprenURL" time="0.004"/>
  <system-out>
    <![CDATA[Open URL]]>
  </system-out>
  <testcase classname="Basic_TestNg.Annotations" name="HomePage" time="0.011"/>
  <system-out>
    <![CDATA[HomePage will open]]>
  </system-out>
</testsuite> <!-- Basic_TestNg.Annotations -->
