<?xml version="1.0" encoding="UTF-8"?>
<!-- Generated by org.testng.reporters.JUnitReportReporter -->
<testsuite hostname="DESKTOP-3O166LT" failures="0" tests="3" name="BeforeAfterTest.TestCase4" time="0.008" errors="0" timestamp="2022-08-02T10:30:36 GMT-07:00" skipped="0">
  <testcase classname="BeforeAfterTest.TestCase4" name="m4" time="0.002"/>
  <system-out/>
  <testcase classname="BeforeAfterTest.TestCase4" name="m5" time="0.002"/>
  <system-out/>
  <testcase classname="BeforeAfterTest.TestCase4" name="m6" time="0.004"/>
  <system-out/>
</testsuite> <!-- BeforeAfterTest.TestCase4 -->
