<?xml version="1.0" encoding="UTF-8"?>
<!-- Generated by org.testng.reporters.JUnitReportReporter -->
<testsuite hostname="DESKTOP-3O166LT" failures="0" tests="5" name="BeforeAfterTest.ThreadPoolSize" time="265.262" errors="0" timestamp="2022-08-03T06:58:31 GMT-07:00" skipped="0">
  <testcase classname="BeforeAfterTest.ThreadPoolSize" name="openBrowser" time="53.383"/>
  <system-out/>
  <testcase classname="BeforeAfterTest.ThreadPoolSize" name="openBrowser" time="52.650"/>
  <system-out/>
  <testcase classname="BeforeAfterTest.ThreadPoolSize" name="openBrowser" time="53.366"/>
  <system-out/>
  <testcase classname="BeforeAfterTest.ThreadPoolSize" name="openBrowser" time="52.650"/>
  <system-out/>
  <testcase classname="BeforeAfterTest.ThreadPoolSize" name="openBrowser" time="53.213"/>
  <system-out/>
</testsuite> <!-- BeforeAfterTest.ThreadPoolSize -->
